2022-04-27 17:30:22.008  INFO 16856 --- [main] com.chat.chat.IntegrationTests           : Starting IntegrationTests using Java 17.0.1 on user-ПК with PID 16856 (started by user in F:\JavaProjects\chat)
2022-04-27 17:30:22.010  INFO 16856 --- [main] com.chat.chat.IntegrationTests           : No active profile set, falling back to 1 default profile: "default"
2022-04-27 17:30:22.665  INFO 16856 --- [main] .s.d.r.c.RepositoryConfigurationDelegate : Bootstrapping Spring Data JPA repositories in DEFAULT mode.
2022-04-27 17:30:22.719  INFO 16856 --- [main] .s.d.r.c.RepositoryConfigurationDelegate : Finished Spring Data repository scanning in 47 ms. Found 2 JPA repository interfaces.
2022-04-27 17:30:23.412  INFO 16856 --- [main] o.hibernate.jpa.internal.util.LogHelper  : HHH000204: Processing PersistenceUnitInfo [name: default]
2022-04-27 17:30:23.455  INFO 16856 --- [main] org.hibernate.Version                    : HHH000412: Hibernate ORM core version 5.6.7.Final
2022-04-27 17:30:23.582  INFO 16856 --- [main] o.hibernate.annotations.common.Version   : HCANN000001: Hibernate Commons Annotations {5.1.2.Final}
2022-04-27 17:30:23.756  INFO 16856 --- [main] com.zaxxer.hikari.HikariDataSource       : HikariPool-1 - Starting...
2022-04-27 17:30:23.937  INFO 16856 --- [main] com.zaxxer.hikari.HikariDataSource       : HikariPool-1 - Start completed.
2022-04-27 17:30:23.965  INFO 16856 --- [main] org.hibernate.dialect.Dialect            : HHH000400: Using dialect: org.hibernate.dialect.PostgreSQL10Dialect
2022-04-27 17:30:24.674  INFO 16856 --- [main] o.h.e.t.j.p.i.JtaPlatformInitiator       : HHH000490: Using JtaPlatform implementation: [org.hibernate.engine.transaction.jta.platform.internal.NoJtaPlatform]
2022-04-27 17:30:24.680  INFO 16856 --- [main] j.LocalContainerEntityManagerFactoryBean : Initialized JPA EntityManagerFactory for persistence unit 'default'
2022-04-27 17:30:25.200  WARN 16856 --- [main] JpaBaseConfiguration$JpaWebConfiguration : spring.jpa.open-in-view is enabled by default. Therefore, database queries may be performed during view rendering. Explicitly configure spring.jpa.open-in-view to disable this warning
2022-04-27 17:30:26.876  WARN 16856 --- [main] ion$DefaultTemplateResolverConfiguration : Cannot find template location: classpath:/templates/ (please add some templates or check your Thymeleaf configuration)
2022-04-27 17:30:27.287  INFO 16856 --- [main] o.s.s.web.DefaultSecurityFilterChain     : Will not secure any request
2022-04-27 17:30:27.351  INFO 16856 --- [main] com.chat.chat.IntegrationTests           : Started IntegrationTests in 5.638 seconds (JVM running for 6.616)
2022-04-27 17:30:27.501  INFO 16856 --- [main] o.s.b.t.m.w.SpringBootMockServletContext : Initializing Spring TestDispatcherServlet ''
2022-04-27 17:30:27.501  INFO 16856 --- [main] o.s.t.web.servlet.TestDispatcherServlet  : Initializing Servlet ''
2022-04-27 17:30:27.502  INFO 16856 --- [main] o.s.t.web.servlet.TestDispatcherServlet  : Completed initialization in 1 ms
2022-04-27 17:30:28.053  WARN 16856 --- [main] .w.s.m.s.DefaultHandlerExceptionResolver : Resolved [org.springframework.http.converter.HttpMessageNotReadableException: Required request body is missing: public org.springframework.http.ResponseEntity<?> com.chat.chat.controllers.MessageController.update(java.lang.Long,com.chat.chat.dto.MessageDto)]
2022-04-27 17:30:28.089  INFO 16856 --- [SpringApplicationShutdownHook] j.LocalContainerEntityManagerFactoryBean : Closing JPA EntityManagerFactory for persistence unit 'default'
2022-04-27 17:30:28.091  INFO 16856 --- [SpringApplicationShutdownHook] com.zaxxer.hikari.HikariDataSource       : HikariPool-1 - Shutdown initiated...
2022-04-27 17:30:28.096  INFO 16856 --- [SpringApplicationShutdownHook] com.zaxxer.hikari.HikariDataSource       : HikariPool-1 - Shutdown completed.
2022-04-27 17:31:12.533  INFO 13864 --- [main] com.chat.chat.ChatApplication            : Starting ChatApplication using Java 17.0.1 on user-ПК with PID 13864 (F:\JavaProjects\chat\target\classes started by user in F:\JavaProjects\chat)
2022-04-27 17:31:12.535  INFO 13864 --- [main] com.chat.chat.ChatApplication            : No active profile set, falling back to 1 default profile: "default"
2022-04-27 17:31:13.023  INFO 13864 --- [main] .s.d.r.c.RepositoryConfigurationDelegate : Bootstrapping Spring Data JPA repositories in DEFAULT mode.
2022-04-27 17:31:13.059  INFO 13864 --- [main] .s.d.r.c.RepositoryConfigurationDelegate : Finished Spring Data repository scanning in 31 ms. Found 2 JPA repository interfaces.
2022-04-27 17:31:13.551  INFO 13864 --- [main] o.s.b.w.embedded.tomcat.TomcatWebServer  : Tomcat initialized with port(s): 8080 (http)
2022-04-27 17:31:13.557  INFO 13864 --- [main] o.apache.catalina.core.StandardService   : Starting service [Tomcat]
2022-04-27 17:31:13.557  INFO 13864 --- [main] org.apache.catalina.core.StandardEngine  : Starting Servlet engine: [Apache Tomcat/9.0.60]
2022-04-27 17:31:13.651  INFO 13864 --- [main] o.a.c.c.C.[Tomcat].[localhost].[/]       : Initializing Spring embedded WebApplicationContext
2022-04-27 17:31:13.652  INFO 13864 --- [main] w.s.c.ServletWebServerApplicationContext : Root WebApplicationContext: initialization completed in 1076 ms
2022-04-27 17:31:13.839  INFO 13864 --- [main] o.hibernate.jpa.internal.util.LogHelper  : HHH000204: Processing PersistenceUnitInfo [name: default]
2022-04-27 17:31:13.863  INFO 13864 --- [main] org.hibernate.Version                    : HHH000412: Hibernate ORM core version 5.6.7.Final
2022-04-27 17:31:13.931  INFO 13864 --- [main] o.hibernate.annotations.common.Version   : HCANN000001: Hibernate Commons Annotations {5.1.2.Final}
2022-04-27 17:31:13.979  INFO 13864 --- [main] com.zaxxer.hikari.HikariDataSource       : HikariPool-1 - Starting...
2022-04-27 17:31:14.087  INFO 13864 --- [main] com.zaxxer.hikari.HikariDataSource       : HikariPool-1 - Start completed.
2022-04-27 17:31:14.099  INFO 13864 --- [main] org.hibernate.dialect.Dialect            : HHH000400: Using dialect: org.hibernate.dialect.PostgreSQL10Dialect
2022-04-27 17:31:14.420  INFO 13864 --- [main] o.h.e.t.j.p.i.JtaPlatformInitiator       : HHH000490: Using JtaPlatform implementation: [org.hibernate.engine.transaction.jta.platform.internal.NoJtaPlatform]
2022-04-27 17:31:14.426  INFO 13864 --- [main] j.LocalContainerEntityManagerFactoryBean : Initialized JPA EntityManagerFactory for persistence unit 'default'
2022-04-27 17:31:14.823  WARN 13864 --- [main] JpaBaseConfiguration$JpaWebConfiguration : spring.jpa.open-in-view is enabled by default. Therefore, database queries may be performed during view rendering. Explicitly configure spring.jpa.open-in-view to disable this warning
2022-04-27 17:31:15.798  WARN 13864 --- [main] ion$DefaultTemplateResolverConfiguration : Cannot find template location: classpath:/templates/ (please add some templates or check your Thymeleaf configuration)
2022-04-27 17:31:16.095  INFO 13864 --- [main] o.s.s.web.DefaultSecurityFilterChain     : Will not secure any request
2022-04-27 17:31:16.149  INFO 13864 --- [main] o.s.b.w.embedded.tomcat.TomcatWebServer  : Tomcat started on port(s): 8080 (http) with context path ''
2022-04-27 17:31:16.158  INFO 13864 --- [main] com.chat.chat.ChatApplication            : Started ChatApplication in 4.047 seconds (JVM running for 4.788)
2022-04-27 17:31:38.692  INFO 13864 --- [http-nio-8080-exec-1] o.a.c.c.C.[Tomcat].[localhost].[/]       : Initializing Spring DispatcherServlet 'dispatcherServlet'
2022-04-27 17:31:38.693  INFO 13864 --- [http-nio-8080-exec-1] o.s.web.servlet.DispatcherServlet        : Initializing Servlet 'dispatcherServlet'
2022-04-27 17:31:38.694  INFO 13864 --- [http-nio-8080-exec-1] o.s.web.servlet.DispatcherServlet        : Completed initialization in 1 ms
2022-04-27 17:31:38.813  WARN 13864 --- [http-nio-8080-exec-1] .w.s.m.s.DefaultHandlerExceptionResolver : Resolved [org.springframework.web.HttpRequestMethodNotSupportedException: Request method 'PUT' not supported]
2022-04-27 17:31:46.696  INFO 13864 --- [http-nio-8080-exec-3] com.chat.chat.aspect.RestLogger          : Call method getAllUserswith args [Ljava.lang.Object;@711b230d
2022-04-27 17:32:50.915  INFO 11916 --- [main] com.chat.chat.ChatApplication            : Starting ChatApplication using Java 17.0.1 on user-ПК with PID 11916 (F:\JavaProjects\chat\target\classes started by user in F:\JavaProjects\chat)
2022-04-27 17:32:50.917  INFO 11916 --- [main] com.chat.chat.ChatApplication            : No active profile set, falling back to 1 default profile: "default"
2022-04-27 17:32:51.385  INFO 11916 --- [main] .s.d.r.c.RepositoryConfigurationDelegate : Bootstrapping Spring Data JPA repositories in DEFAULT mode.
2022-04-27 17:32:51.420  INFO 11916 --- [main] .s.d.r.c.RepositoryConfigurationDelegate : Finished Spring Data repository scanning in 30 ms. Found 2 JPA repository interfaces.
2022-04-27 17:32:51.906  INFO 11916 --- [main] o.s.b.w.embedded.tomcat.TomcatWebServer  : Tomcat initialized with port(s): 8080 (http)
2022-04-27 17:32:51.911  INFO 11916 --- [main] o.apache.catalina.core.StandardService   : Starting service [Tomcat]
2022-04-27 17:32:51.911  INFO 11916 --- [main] org.apache.catalina.core.StandardEngine  : Starting Servlet engine: [Apache Tomcat/9.0.60]
2022-04-27 17:32:52.004  INFO 11916 --- [main] o.a.c.c.C.[Tomcat].[localhost].[/]       : Initializing Spring embedded WebApplicationContext
2022-04-27 17:32:52.004  INFO 11916 --- [main] w.s.c.ServletWebServerApplicationContext : Root WebApplicationContext: initialization completed in 1059 ms
2022-04-27 17:32:52.177  INFO 11916 --- [main] o.hibernate.jpa.internal.util.LogHelper  : HHH000204: Processing PersistenceUnitInfo [name: default]
2022-04-27 17:32:52.201  INFO 11916 --- [main] org.hibernate.Version                    : HHH000412: Hibernate ORM core version 5.6.7.Final
2022-04-27 17:32:52.278  INFO 11916 --- [main] o.hibernate.annotations.common.Version   : HCANN000001: Hibernate Commons Annotations {5.1.2.Final}
2022-04-27 17:32:52.326  INFO 11916 --- [main] com.zaxxer.hikari.HikariDataSource       : HikariPool-1 - Starting...
2022-04-27 17:32:52.428  INFO 11916 --- [main] com.zaxxer.hikari.HikariDataSource       : HikariPool-1 - Start completed.
2022-04-27 17:32:52.441  INFO 11916 --- [main] org.hibernate.dialect.Dialect            : HHH000400: Using dialect: org.hibernate.dialect.PostgreSQL10Dialect
2022-04-27 17:32:52.766  INFO 11916 --- [main] o.h.e.t.j.p.i.JtaPlatformInitiator       : HHH000490: Using JtaPlatform implementation: [org.hibernate.engine.transaction.jta.platform.internal.NoJtaPlatform]
2022-04-27 17:32:52.772  INFO 11916 --- [main] j.LocalContainerEntityManagerFactoryBean : Initialized JPA EntityManagerFactory for persistence unit 'default'
2022-04-27 17:32:53.166  WARN 11916 --- [main] JpaBaseConfiguration$JpaWebConfiguration : spring.jpa.open-in-view is enabled by default. Therefore, database queries may be performed during view rendering. Explicitly configure spring.jpa.open-in-view to disable this warning
2022-04-27 17:32:54.141  WARN 11916 --- [main] ion$DefaultTemplateResolverConfiguration : Cannot find template location: classpath:/templates/ (please add some templates or check your Thymeleaf configuration)
2022-04-27 17:32:54.434  INFO 11916 --- [main] o.s.s.web.DefaultSecurityFilterChain     : Will not secure any request
2022-04-27 17:32:54.488  INFO 11916 --- [main] o.s.b.w.embedded.tomcat.TomcatWebServer  : Tomcat started on port(s): 8080 (http) with context path ''
2022-04-27 17:32:54.497  INFO 11916 --- [main] com.chat.chat.ChatApplication            : Started ChatApplication in 3.847 seconds (JVM running for 4.364)
2022-04-27 17:33:02.587  INFO 11916 --- [http-nio-8080-exec-2] o.a.c.c.C.[Tomcat].[localhost].[/]       : Initializing Spring DispatcherServlet 'dispatcherServlet'
2022-04-27 17:33:02.587  INFO 11916 --- [http-nio-8080-exec-2] o.s.web.servlet.DispatcherServlet        : Initializing Servlet 'dispatcherServlet'
2022-04-27 17:33:02.588  INFO 11916 --- [http-nio-8080-exec-2] o.s.web.servlet.DispatcherServlet        : Completed initialization in 1 ms
2022-04-27 17:33:02.780  INFO 11916 --- [http-nio-8080-exec-2] com.chat.chat.aspect.RestLogger          : Call method getAllUsers with args [0]
